[02.02.2022 06:15:14] [gui] [info] Searching for (other) compatible netlists.
[02.02.2022 06:15:14] [netlist_parser] [info] selected parser: Default Verilog Parser
[02.02.2022 06:15:14] [netlist_parser] [info] parsing '/home/hwsec/HW3/project2_cipher_v2_obfuscated.v'...
[02.02.2022 06:15:14] [netlist_parser] [info] finished parsing in 0.01 seconds.
[02.02.2022 06:15:14] [netlist_parser] [warning] [/home/hwsec/hal/src/netlist/netlist_parser/netlist_parser_manager.cpp:81] no (valid) gate library specified, trying to auto-detect gate library...
[02.02.2022 06:15:14] [gate_library_manager] [info] loading all gate library files from /usr/local/share/hal/gate_libraries.
[02.02.2022 06:15:14] [gate_library_parser] [info] the gate library file '/usr/local/share/hal/gate_libraries/lsi_10k.hgl' is already loaded.
[02.02.2022 06:15:14] [gate_library_parser] [info] the gate library file '/usr/local/share/hal/gate_libraries/NanGate_15nm_OCL.hgl' is already loaded.
[02.02.2022 06:15:14] [gate_library_parser] [info] the gate library file '/usr/local/share/hal/gate_libraries/XILINX_SIMPRIM.hgl' is already loaded.
[02.02.2022 06:15:14] [gate_library_parser] [info] the gate library file '/usr/local/share/hal/gate_libraries/NangateOpenCellLibrary.hgl' is already loaded.
[02.02.2022 06:15:14] [gate_library_parser] [info] the gate library file '/usr/local/share/hal/gate_libraries/example_library.hgl' is already loaded.
[02.02.2022 06:15:14] [gate_library_parser] [info] the gate library file '/usr/local/share/hal/gate_libraries/ice40ultra.hgl' is already loaded.
[02.02.2022 06:15:14] [gate_library_parser] [info] the gate library file '/usr/local/share/hal/gate_libraries/XILINX_UNISIM.hgl' is already loaded.
[02.02.2022 06:15:14] [netlist_parser] [info] instantiating '/home/hwsec/HW3/project2_cipher_v2_obfuscated.v' with gate library 'NanGate_15nm_OCL'...
[02.02.2022 06:15:14] [verilog_parser] [error] [/home/hwsec/hal/plugins/verilog_parser/src/verilog_parser.cpp:1517] undefined pin 'A' for gate '_542_' of type 'INV_X1'.
[02.02.2022 06:15:14] [netlist_parser] [error] [/home/hwsec/hal/src/netlist/netlist_parser/netlist_parser_manager.cpp:93] could not instantiate file '/home/hwsec/HW3/project2_cipher_v2_obfuscated.v' using gate library 'NanGate_15nm_OCL'.
[02.02.2022 06:15:14] [netlist_parser] [info] instantiating '/home/hwsec/HW3/project2_cipher_v2_obfuscated.v' with gate library 'NangateOpenCellLibrary'...
[02.02.2022 06:15:14] [netlist] [warning] [/home/hwsec/hal/src/netlist/netlist.cpp:865] failed to load locations of 231 gates.
[02.02.2022 06:15:14] [netlist_parser] [info] instantiated '/home/hwsec/HW3/project2_cipher_v2_obfuscated.v' in 0.01 seconds.
[02.02.2022 06:15:14] [netlist_parser] [info] instantiating '/home/hwsec/HW3/project2_cipher_v2_obfuscated.v' with gate library 'XILINX_SIMPRIM'...
[02.02.2022 06:15:14] [verilog_parser] [error] [/home/hwsec/hal/plugins/verilog_parser/src/verilog_parser.cpp:1536] could not find gate type 'INV_X1' in gate library 'XILINX_SIMPRIM'.
[02.02.2022 06:15:14] [netlist_parser] [error] [/home/hwsec/hal/src/netlist/netlist_parser/netlist_parser_manager.cpp:93] could not instantiate file '/home/hwsec/HW3/project2_cipher_v2_obfuscated.v' using gate library 'XILINX_SIMPRIM'.
[02.02.2022 06:15:14] [netlist_parser] [info] instantiating '/home/hwsec/HW3/project2_cipher_v2_obfuscated.v' with gate library 'XILINX_UNISIM'...
[02.02.2022 06:15:14] [verilog_parser] [error] [/home/hwsec/hal/plugins/verilog_parser/src/verilog_parser.cpp:1536] could not find gate type 'INV_X1' in gate library 'XILINX_UNISIM'.
[02.02.2022 06:15:14] [netlist_parser] [error] [/home/hwsec/hal/src/netlist/netlist_parser/netlist_parser_manager.cpp:93] could not instantiate file '/home/hwsec/HW3/project2_cipher_v2_obfuscated.v' using gate library 'XILINX_UNISIM'.
[02.02.2022 06:15:14] [netlist_parser] [info] instantiating '/home/hwsec/HW3/project2_cipher_v2_obfuscated.v' with gate library 'EXAMPLE_GATE_LIBRARY'...
[02.02.2022 06:15:14] [verilog_parser] [error] [/home/hwsec/hal/plugins/verilog_parser/src/verilog_parser.cpp:1536] could not find gate type 'INV_X1' in gate library 'EXAMPLE_GATE_LIBRARY'.
[02.02.2022 06:15:14] [netlist_parser] [error] [/home/hwsec/hal/src/netlist/netlist_parser/netlist_parser_manager.cpp:93] could not instantiate file '/home/hwsec/HW3/project2_cipher_v2_obfuscated.v' using gate library 'EXAMPLE_GATE_LIBRARY'.
[02.02.2022 06:15:14] [netlist_parser] [info] instantiating '/home/hwsec/HW3/project2_cipher_v2_obfuscated.v' with gate library 'ICE40ULTRA'...
[02.02.2022 06:15:14] [verilog_parser] [error] [/home/hwsec/hal/plugins/verilog_parser/src/verilog_parser.cpp:1536] could not find gate type 'INV_X1' in gate library 'ICE40ULTRA'.
[02.02.2022 06:15:14] [netlist_parser] [error] [/home/hwsec/hal/src/netlist/netlist_parser/netlist_parser_manager.cpp:93] could not instantiate file '/home/hwsec/HW3/project2_cipher_v2_obfuscated.v' using gate library 'ICE40ULTRA'.
[02.02.2022 06:15:14] [netlist_parser] [info] instantiating '/home/hwsec/HW3/project2_cipher_v2_obfuscated.v' with gate library 'lsi_10k'...
[02.02.2022 06:15:14] [verilog_parser] [error] [/home/hwsec/hal/plugins/verilog_parser/src/verilog_parser.cpp:1536] could not find gate type 'INV_X1' in gate library 'lsi_10k'.
[02.02.2022 06:15:14] [netlist_parser] [error] [/home/hwsec/hal/src/netlist/netlist_parser/netlist_parser_manager.cpp:93] could not instantiate file '/home/hwsec/HW3/project2_cipher_v2_obfuscated.v' using gate library 'lsi_10k'.
[02.02.2022 06:15:14] [gui] [info] One compatible gate library found.
[02.02.2022 06:15:14] [test] [info] register netlist callbacks
[02.02.2022 06:15:14] [gui] [info] watching current file '/home/hwsec/HW3/project2_cipher_v2_obfuscated.v'
[02.02.2022 06:15:14] [python] [info] Python console execute: "print("Python " + sys.version)".
[02.02.2022 06:15:14] [python] [info] Python 3.8.10 (default, Nov 26 2021, 20:14:08) 
[GCC 9.3.0]
[02.02.2022 06:15:14] [python] [info] Python console execute: "print(sys.executable + " on " + sys.platform)".
[02.02.2022 06:15:14] [python] [info] /usr/bin/python3 on linux
[02.02.2022 06:16:10] [python] [info] <Execute Python Editor content>
[02.02.2022 06:16:10] [core] [info] loading plugin '/usr/local/lib/hal_plugins/graph_algorithm.so'...
[02.02.2022 06:16:10] [core] [info] loading plugin '/usr/local/lib/hal_plugins/solve_fsm.so'...
[02.02.2022 06:16:10] [core] [info] loading plugin '/usr/local/lib/hal_plugins/hal_gui.so'...
[02.02.2022 06:16:10] [core] [info] loading plugin '/usr/local/lib/hal_plugins/verilog_writer.so'...
[02.02.2022 06:16:10] [core] [info] loading plugin '/usr/local/lib/hal_plugins/z3_utils.so'...
[02.02.2022 06:16:10] [core] [info] loading plugin '/usr/local/lib/hal_plugins/liberty_parser.so'...
[02.02.2022 06:16:10] [core] [info] loading plugin '/usr/local/lib/hal_plugins/gexf_writer.so'...
[02.02.2022 06:16:10] [core] [info] loading plugin '/usr/local/lib/hal_plugins/python_shell.so'...
[02.02.2022 06:16:10] [core] [info] loading plugin '/usr/local/lib/hal_plugins/verilog_parser.so'...
[02.02.2022 06:16:10] [core] [info] loading plugin '/usr/local/lib/hal_plugins/hgl_parser.so'...
[02.02.2022 06:16:10] [core] [info] loading plugin '/usr/local/lib/hal_plugins/hgl_writer.so'...
[02.02.2022 06:16:10] [core] [info] loading plugin '/usr/local/lib/hal_plugins/vhdl_parser.so'...
[02.02.2022 06:16:10] [python] [info] 
Boolean function of bit 0:

	!((_772_Q_ & !(!_769_Q_ & !_770_Q_)) | (!(!_771_Q_ & (!((!(!_Global_INPUT(4)_ | _Global_INPUT(5)_) & !(_Global_INPUT(1)_ | !_Global_INPUT(0)_ | _Global_INPUT(3)_ | !_Global_INPUT(2)_)) | !(_769_Q_ & _770_Q_) | (!(_Global_INPUT(0)_ | _Global_INPUT(2)_) & (_Global_INPUT(1)_ & _Global_INPUT(3)_ & !_Global_INPUT(4)_ & _Global_INPUT(5)_))) | !((!(!_Global_INPUT(4)_ & _Global_INPUT(5)_ & (_Global_INPUT(3)_ & _Global_INPUT(2)_)) | !(_Global_INPUT(1)_ & _Global_INPUT(0)_ & !(_769_Q_ | _770_Q_))) & !(_769_Q_ & !_770_Q_ & !(_Global_INPUT(4)_ & _Global_INPUT(5)_ & !(_Global_INPUT(1)_ | _Global_INPUT(0)_) & (_Global_INPUT(3)_ & _Global_INPUT(2)_)) & !(_Global_INPUT(0)_ & !_Global_INPUT(3)_ & !(_Global_INPUT(4)_ | _Global_INPUT(5)_) & (_Global_INPUT(1)_ & _Global_INPUT(2)_))) & !(_770_Q_ & _Global_INPUT(3)_2 & !(_Global_INPUT(1)_ | !_Global_INPUT(0)_ | _Global_INPUT(3)_) & (!_Global_INPUT(2)_ & !_Global_INPUT(4)_ & _Global_INPUT(5)_))))) & !(_772_Q_ | !((!_Global_START_ & _770_Q_9) | _769_Q_ | !_771_Q_))))
[02.02.2022 06:16:10] [python] [info] 
Boolean function of bit 1:

	!((_772_Q_ & !(_769_Q_ & !_770_Q_)) | (!(!_771_Q_ & (!((!(!_Global_INPUT(4)_ | _Global_INPUT(5)_) & !(_Global_INPUT(1)_ | !_Global_INPUT(0)_ | _Global_INPUT(3)_ | !_Global_INPUT(2)_)) | !(_769_Q_ & _770_Q_) | (!(_Global_INPUT(0)_ | _Global_INPUT(2)_) & (_Global_INPUT(1)_ & _Global_INPUT(3)_ & !_Global_INPUT(4)_ & _Global_INPUT(5)_))) | !((!(!_769_Q_ & !_770_Q_) | !(!(_Global_INPUT(1)_ | !_Global_INPUT(0)_ | _Global_INPUT(3)_ | !_Global_INPUT(2)_) & !(!_Global_INPUT(4)_ | _Global_INPUT(5)_))) & (!(_Global_INPUT(0)_ & !_Global_INPUT(3)_ & !(_Global_INPUT(4)_ | _Global_INPUT(5)_) & (_Global_INPUT(1)_ & _Global_INPUT(2)_)) | !(_769_Q_ & !_770_Q_)) & (!(!_769_Q_ & _770_Q_) | (!(_Global_INPUT(1)_ | !_Global_INPUT(0)_ | _Global_INPUT(3)_ | !_Global_INPUT(2)_) & !(_Global_INPUT(4)_ | _Global_INPUT(5)_)))))) & !(_772_Q_ | (!(!_769_Q_ & !_770_Q_) & (_771_Q_ & !(_769_Q_ & _770_Q_))))))
[02.02.2022 06:16:10] [python] [info] 
Boolean function of bit 2:

	!(!(_770_Q_ & (!(_771_Q_ | _Global_INPUT(3)_2 | !(!(_Global_INPUT(1)_ | !_Global_INPUT(0)_ | _Global_INPUT(3)_ | !_Global_INPUT(2)_) & !(!_Global_INPUT(4)_ | _Global_INPUT(5)_))) | _772_Q_)) & !(!_772_Q_ & (_771_Q_ & !(_769_Q_ & _770_Q_))))
[02.02.2022 06:16:10] [python] [info] 
Boolean function of bit 3:

	!(!(_772_Q_ & _770_Q_9) & (!(_769_Q_ & _770_Q_) | !(!_772_Q_ & _771_Q_)))
[02.02.2022 06:16:10] [python] [error] [/home/hwsec/hal/plugins/gui/src/python/python_context.cpp:206] NameError: name 'ArgsPool' is not defined

At:
  <string>(167): <module>


[02.02.2022 06:16:14] [gui] [info] saving a backup in case something goes wrong...
[02.02.2022 06:16:14] [netlist_persistent] [info] serialized netlist in 0.00 seconds
[02.02.2022 06:17:14] [gui] [info] saving a backup in case something goes wrong...
[02.02.2022 06:17:14] [netlist_persistent] [info] serialized netlist in 0.00 seconds
[02.02.2022 06:18:14] [gui] [info] saving a backup in case something goes wrong...
[02.02.2022 06:18:14] [netlist_persistent] [info] serialized netlist in 0.00 seconds
[02.02.2022 06:19:14] [gui] [info] saving a backup in case something goes wrong...
[02.02.2022 06:19:14] [netlist_persistent] [info] serialized netlist in 0.00 seconds
[02.02.2022 06:20:14] [gui] [info] saving a backup in case something goes wrong...
[02.02.2022 06:20:14] [netlist_persistent] [info] serialized netlist in 0.00 seconds
[02.02.2022 06:21:14] [gui] [info] saving a backup in case something goes wrong...
[02.02.2022 06:21:14] [netlist_persistent] [info] serialized netlist in 0.00 seconds
[02.02.2022 06:22:14] [gui] [info] saving a backup in case something goes wrong...
[02.02.2022 06:22:14] [netlist_persistent] [info] serialized netlist in 0.00 seconds
[02.02.2022 06:23:14] [gui] [info] saving a backup in case something goes wrong...
[02.02.2022 06:23:14] [netlist_persistent] [info] serialized netlist in 0.00 seconds
[02.02.2022 06:24:14] [gui] [info] saving a backup in case something goes wrong...
[02.02.2022 06:24:14] [netlist_persistent] [info] serialized netlist in 0.00 seconds
[02.02.2022 06:25:14] [gui] [info] saving a backup in case something goes wrong...
[02.02.2022 06:25:14] [netlist_persistent] [info] serialized netlist in 0.00 seconds
[02.02.2022 06:26:14] [gui] [info] saving a backup in case something goes wrong...
[02.02.2022 06:26:14] [netlist_persistent] [info] serialized netlist in 0.00 seconds
[02.02.2022 06:27:14] [gui] [info] saving a backup in case something goes wrong...
[02.02.2022 06:27:14] [netlist_persistent] [info] serialized netlist in 0.00 seconds
[02.02.2022 06:28:14] [gui] [info] saving a backup in case something goes wrong...
[02.02.2022 06:28:14] [netlist_persistent] [info] serialized netlist in 0.00 seconds
[02.02.2022 06:29:17] [gui] [info] saving a backup in case something goes wrong...
[02.02.2022 06:29:17] [netlist_persistent] [info] serialized netlist in 0.00 seconds
[02.02.2022 06:30:17] [gui] [info] saving a backup in case something goes wrong...
[02.02.2022 06:30:17] [netlist_persistent] [info] serialized netlist in 0.01 seconds
[02.02.2022 06:31:17] [gui] [info] saving a backup in case something goes wrong...
[02.02.2022 06:31:17] [netlist_persistent] [info] serialized netlist in 0.00 seconds
[02.02.2022 06:32:17] [gui] [info] saving a backup in case something goes wrong...
[02.02.2022 06:32:17] [netlist_persistent] [info] serialized netlist in 0.00 seconds
[02.02.2022 06:33:17] [gui] [info] saving a backup in case something goes wrong...
[02.02.2022 06:33:17] [netlist_persistent] [info] serialized netlist in 0.00 seconds
[02.02.2022 06:34:17] [gui] [info] saving a backup in case something goes wrong...
[02.02.2022 06:34:17] [netlist_persistent] [info] serialized netlist in 0.00 seconds
[02.02.2022 06:35:17] [gui] [info] saving a backup in case something goes wrong...
[02.02.2022 06:35:17] [netlist_persistent] [info] serialized netlist in 0.00 seconds
[02.02.2022 06:36:17] [gui] [info] saving a backup in case something goes wrong...
[02.02.2022 06:36:17] [netlist_persistent] [info] serialized netlist in 0.00 seconds
[02.02.2022 06:37:17] [gui] [info] saving a backup in case something goes wrong...
[02.02.2022 06:37:17] [netlist_persistent] [info] serialized netlist in 0.00 seconds
[02.02.2022 13:20:32] [gui] [info] saving a backup in case something goes wrong...
[02.02.2022 13:20:32] [netlist_persistent] [info] serialized netlist in 0.00 seconds
[02.02.2022 13:21:32] [gui] [info] saving a backup in case something goes wrong...
[02.02.2022 13:21:32] [netlist_persistent] [info] serialized netlist in 0.01 seconds
[02.02.2022 13:22:32] [gui] [info] saving a backup in case something goes wrong...
[02.02.2022 13:22:32] [netlist_persistent] [info] serialized netlist in 0.00 seconds
[02.02.2022 13:23:32] [gui] [info] saving a backup in case something goes wrong...
[02.02.2022 13:23:32] [netlist_persistent] [info] serialized netlist in 0.01 seconds
[02.02.2022 13:24:32] [gui] [info] saving a backup in case something goes wrong...
[02.02.2022 13:24:32] [netlist_persistent] [info] serialized netlist in 0.00 seconds
[02.02.2022 13:25:32] [gui] [info] saving a backup in case something goes wrong...
[02.02.2022 13:25:32] [netlist_persistent] [info] serialized netlist in 0.00 seconds
[02.02.2022 13:26:32] [gui] [info] saving a backup in case something goes wrong...
[02.02.2022 13:26:32] [netlist_persistent] [info] serialized netlist in 0.00 seconds
[02.02.2022 13:27:32] [gui] [info] saving a backup in case something goes wrong...
[02.02.2022 13:27:32] [netlist_persistent] [info] serialized netlist in 0.00 seconds
[02.02.2022 13:28:32] [gui] [info] saving a backup in case something goes wrong...
[02.02.2022 13:28:32] [netlist_persistent] [info] serialized netlist in 0.00 seconds
[02.02.2022 13:29:32] [gui] [info] saving a backup in case something goes wrong...
[02.02.2022 13:29:32] [netlist_persistent] [info] serialized netlist in 0.00 seconds
[02.02.2022 13:30:32] [gui] [info] saving a backup in case something goes wrong...
[02.02.2022 13:30:32] [netlist_persistent] [info] serialized netlist in 0.00 seconds
[02.02.2022 13:31:32] [gui] [info] saving a backup in case something goes wrong...
[02.02.2022 13:31:32] [netlist_persistent] [info] serialized netlist in 0.00 seconds
[02.02.2022 13:32:32] [gui] [info] saving a backup in case something goes wrong...
[02.02.2022 13:32:32] [netlist_persistent] [info] serialized netlist in 0.00 seconds
[02.02.2022 13:33:32] [gui] [info] saving a backup in case something goes wrong...
[02.02.2022 13:33:32] [netlist_persistent] [info] serialized netlist in 0.00 seconds
[02.02.2022 13:34:32] [gui] [info] saving a backup in case something goes wrong...
[02.02.2022 13:34:32] [netlist_persistent] [info] serialized netlist in 0.00 seconds
[02.02.2022 13:35:32] [gui] [info] saving a backup in case something goes wrong...
[02.02.2022 13:35:32] [netlist_persistent] [info] serialized netlist in 0.01 seconds
[02.02.2022 13:36:32] [gui] [info] saving a backup in case something goes wrong...
[02.02.2022 13:36:32] [netlist_persistent] [info] serialized netlist in 0.01 seconds
[02.02.2022 13:37:32] [gui] [info] saving a backup in case something goes wrong...
[02.02.2022 13:37:32] [netlist_persistent] [info] serialized netlist in 0.00 seconds
[02.02.2022 13:38:32] [gui] [info] saving a backup in case something goes wrong...
[02.02.2022 13:38:32] [netlist_persistent] [info] serialized netlist in 0.00 seconds
[02.02.2022 13:39:32] [gui] [info] saving a backup in case something goes wrong...
[02.02.2022 13:39:32] [netlist_persistent] [info] serialized netlist in 0.00 seconds
[02.02.2022 13:40:32] [gui] [info] saving a backup in case something goes wrong...
[02.02.2022 13:40:32] [netlist_persistent] [info] serialized netlist in 0.00 seconds
[02.02.2022 13:41:32] [gui] [info] saving a backup in case something goes wrong...
[02.02.2022 13:41:32] [netlist_persistent] [info] serialized netlist in 0.00 seconds
[02.02.2022 13:43:05] [gui] [info] saving a backup in case something goes wrong...
[02.02.2022 13:43:05] [netlist_persistent] [info] serialized netlist in 0.00 seconds
[02.02.2022 13:44:05] [gui] [info] saving a backup in case something goes wrong...
[02.02.2022 13:44:05] [netlist_persistent] [info] serialized netlist in 0.00 seconds
[02.02.2022 13:45:05] [gui] [info] saving a backup in case something goes wrong...
[02.02.2022 13:45:05] [netlist_persistent] [info] serialized netlist in 0.00 seconds
[02.02.2022 13:46:05] [gui] [info] saving a backup in case something goes wrong...
[02.02.2022 13:46:05] [netlist_persistent] [info] serialized netlist in 0.00 seconds
[02.02.2022 13:47:05] [gui] [info] saving a backup in case something goes wrong...
[02.02.2022 13:47:05] [netlist_persistent] [info] serialized netlist in 0.00 seconds
[02.02.2022 13:48:05] [gui] [info] saving a backup in case something goes wrong...
[02.02.2022 13:48:05] [netlist_persistent] [info] serialized netlist in 0.00 seconds
[02.02.2022 13:49:05] [gui] [info] saving a backup in case something goes wrong...
[02.02.2022 13:49:05] [netlist_persistent] [info] serialized netlist in 0.00 seconds
[02.02.2022 13:50:05] [gui] [info] saving a backup in case something goes wrong...
[02.02.2022 13:50:05] [netlist_persistent] [info] serialized netlist in 0.00 seconds
[02.02.2022 13:51:05] [gui] [info] saving a backup in case something goes wrong...
[02.02.2022 13:51:05] [netlist_persistent] [info] serialized netlist in 0.00 seconds
[02.02.2022 13:52:05] [gui] [info] saving a backup in case something goes wrong...
[02.02.2022 13:52:05] [netlist_persistent] [info] serialized netlist in 0.01 seconds
[02.02.2022 13:53:05] [gui] [info] saving a backup in case something goes wrong...
[02.02.2022 13:53:05] [netlist_persistent] [info] serialized netlist in 0.00 seconds
[02.02.2022 13:54:05] [gui] [info] saving a backup in case something goes wrong...
[02.02.2022 13:54:05] [netlist_persistent] [info] serialized netlist in 0.00 seconds
[02.02.2022 13:55:05] [gui] [info] saving a backup in case something goes wrong...
[02.02.2022 13:55:05] [netlist_persistent] [info] serialized netlist in 0.01 seconds
[02.02.2022 13:56:05] [gui] [info] saving a backup in case something goes wrong...
[02.02.2022 13:56:05] [netlist_persistent] [info] serialized netlist in 0.00 seconds
[02.02.2022 13:57:05] [gui] [info] saving a backup in case something goes wrong...
[02.02.2022 13:57:05] [netlist_persistent] [info] serialized netlist in 0.00 seconds
[02.02.2022 13:58:05] [gui] [info] saving a backup in case something goes wrong...
[02.02.2022 13:58:05] [netlist_persistent] [info] serialized netlist in 0.00 seconds
[02.02.2022 13:59:05] [gui] [info] saving a backup in case something goes wrong...
[02.02.2022 13:59:05] [netlist_persistent] [info] serialized netlist in 0.00 seconds
[02.02.2022 14:00:05] [gui] [info] saving a backup in case something goes wrong...
[02.02.2022 14:00:05] [netlist_persistent] [info] serialized netlist in 0.01 seconds
[02.02.2022 14:01:05] [gui] [info] saving a backup in case something goes wrong...
[02.02.2022 14:01:05] [netlist_persistent] [info] serialized netlist in 0.00 seconds
[02.02.2022 14:02:05] [gui] [info] saving a backup in case something goes wrong...
[02.02.2022 14:02:05] [netlist_persistent] [info] serialized netlist in 0.00 seconds
[02.02.2022 14:03:05] [gui] [info] saving a backup in case something goes wrong...
[02.02.2022 14:03:05] [netlist_persistent] [info] serialized netlist in 0.00 seconds
[02.02.2022 14:04:05] [gui] [info] saving a backup in case something goes wrong...
[02.02.2022 14:04:05] [netlist_persistent] [info] serialized netlist in 0.00 seconds
[02.02.2022 14:05:05] [gui] [info] saving a backup in case something goes wrong...
[02.02.2022 14:05:05] [netlist_persistent] [info] serialized netlist in 0.00 seconds
[02.02.2022 14:06:05] [gui] [info] saving a backup in case something goes wrong...
[02.02.2022 14:06:05] [netlist_persistent] [info] serialized netlist in 0.00 seconds
[02.02.2022 14:07:05] [gui] [info] saving a backup in case something goes wrong...
[02.02.2022 14:07:05] [netlist_persistent] [info] serialized netlist in 0.01 seconds
[02.02.2022 14:08:05] [gui] [info] saving a backup in case something goes wrong...
[02.02.2022 14:08:05] [netlist_persistent] [info] serialized netlist in 0.00 seconds
[02.02.2022 14:09:05] [gui] [info] saving a backup in case something goes wrong...
[02.02.2022 14:09:05] [netlist_persistent] [info] serialized netlist in 0.00 seconds
[02.02.2022 14:10:05] [gui] [info] saving a backup in case something goes wrong...
[02.02.2022 14:10:05] [netlist_persistent] [info] serialized netlist in 0.00 seconds
[02.02.2022 14:11:05] [gui] [info] saving a backup in case something goes wrong...
[02.02.2022 14:11:05] [netlist_persistent] [info] serialized netlist in 0.00 seconds
[02.02.2022 14:12:05] [gui] [info] saving a backup in case something goes wrong...
[02.02.2022 14:12:05] [netlist_persistent] [info] serialized netlist in 0.00 seconds
[02.02.2022 14:13:05] [gui] [info] saving a backup in case something goes wrong...
[02.02.2022 14:13:05] [netlist_persistent] [info] serialized netlist in 0.00 seconds
[02.02.2022 14:14:05] [gui] [info] saving a backup in case something goes wrong...
[02.02.2022 14:14:05] [netlist_persistent] [info] serialized netlist in 0.01 seconds
[02.02.2022 14:15:05] [gui] [info] saving a backup in case something goes wrong...
[02.02.2022 14:15:05] [netlist_persistent] [info] serialized netlist in 0.00 seconds
[02.02.2022 14:16:05] [gui] [info] saving a backup in case something goes wrong...
[02.02.2022 14:16:05] [netlist_persistent] [info] serialized netlist in 0.01 seconds
[02.02.2022 14:17:05] [gui] [info] saving a backup in case something goes wrong...
[02.02.2022 14:17:05] [netlist_persistent] [info] serialized netlist in 0.00 seconds
[02.02.2022 14:18:05] [gui] [info] saving a backup in case something goes wrong...
[02.02.2022 14:18:05] [netlist_persistent] [info] serialized netlist in 0.00 seconds
[02.02.2022 14:19:05] [gui] [info] saving a backup in case something goes wrong...
[02.02.2022 14:19:05] [netlist_persistent] [info] serialized netlist in 0.00 seconds
[02.02.2022 14:20:05] [gui] [info] saving a backup in case something goes wrong...
[02.02.2022 14:20:05] [netlist_persistent] [info] serialized netlist in 0.00 seconds
[02.02.2022 14:21:05] [gui] [info] saving a backup in case something goes wrong...
[02.02.2022 14:21:05] [netlist_persistent] [info] serialized netlist in 0.00 seconds
[02.02.2022 14:22:05] [gui] [info] saving a backup in case something goes wrong...
[02.02.2022 14:22:05] [netlist_persistent] [info] serialized netlist in 0.00 seconds
[02.02.2022 14:23:05] [gui] [info] saving a backup in case something goes wrong...
[02.02.2022 14:23:05] [netlist_persistent] [info] serialized netlist in 0.00 seconds
[02.02.2022 14:24:05] [gui] [info] saving a backup in case something goes wrong...
[02.02.2022 14:24:05] [netlist_persistent] [info] serialized netlist in 0.00 seconds
[02.02.2022 14:25:05] [gui] [info] saving a backup in case something goes wrong...
[02.02.2022 14:25:05] [netlist_persistent] [info] serialized netlist in 0.00 seconds
[02.02.2022 14:26:05] [gui] [info] saving a backup in case something goes wrong...
[02.02.2022 14:26:05] [netlist_persistent] [info] serialized netlist in 0.00 seconds
[02.02.2022 14:27:05] [gui] [info] saving a backup in case something goes wrong...
[02.02.2022 14:27:05] [netlist_persistent] [info] serialized netlist in 0.00 seconds
[02.02.2022 14:28:05] [gui] [info] saving a backup in case something goes wrong...
[02.02.2022 14:28:05] [netlist_persistent] [info] serialized netlist in 0.01 seconds
[02.02.2022 14:29:05] [gui] [info] saving a backup in case something goes wrong...
[02.02.2022 14:29:05] [netlist_persistent] [info] serialized netlist in 0.00 seconds
[02.02.2022 14:30:05] [gui] [info] saving a backup in case something goes wrong...
[02.02.2022 14:30:05] [netlist_persistent] [info] serialized netlist in 0.00 seconds
[02.02.2022 14:31:05] [gui] [info] saving a backup in case something goes wrong...
[02.02.2022 14:31:05] [netlist_persistent] [info] serialized netlist in 0.01 seconds
[02.02.2022 14:32:05] [gui] [info] saving a backup in case something goes wrong...
[02.02.2022 14:32:05] [netlist_persistent] [info] serialized netlist in 0.00 seconds
[02.02.2022 14:33:05] [gui] [info] saving a backup in case something goes wrong...
[02.02.2022 14:33:05] [netlist_persistent] [info] serialized netlist in 0.00 seconds
[02.02.2022 14:34:05] [gui] [info] saving a backup in case something goes wrong...
[02.02.2022 14:34:05] [netlist_persistent] [info] serialized netlist in 0.00 seconds
[02.02.2022 14:35:05] [gui] [info] saving a backup in case something goes wrong...
[02.02.2022 14:35:05] [netlist_persistent] [info] serialized netlist in 0.00 seconds
[02.02.2022 14:36:05] [gui] [info] saving a backup in case something goes wrong...
[02.02.2022 14:36:05] [netlist_persistent] [info] serialized netlist in 0.00 seconds
[02.02.2022 14:37:05] [gui] [info] saving a backup in case something goes wrong...
[02.02.2022 14:37:05] [netlist_persistent] [info] serialized netlist in 0.00 seconds
[02.02.2022 14:38:05] [gui] [info] saving a backup in case something goes wrong...
[02.02.2022 14:38:05] [netlist_persistent] [info] serialized netlist in 0.00 seconds
[02.02.2022 14:39:05] [gui] [info] saving a backup in case something goes wrong...
[02.02.2022 14:39:05] [netlist_persistent] [info] serialized netlist in 0.00 seconds
[02.02.2022 14:40:05] [gui] [info] saving a backup in case something goes wrong...
[02.02.2022 14:40:05] [netlist_persistent] [info] serialized netlist in 0.00 seconds
[02.02.2022 14:41:05] [gui] [info] saving a backup in case something goes wrong...
[02.02.2022 14:41:05] [netlist_persistent] [info] serialized netlist in 0.00 seconds
[02.02.2022 14:42:05] [gui] [info] saving a backup in case something goes wrong...
[02.02.2022 14:42:05] [netlist_persistent] [info] serialized netlist in 0.00 seconds
[02.02.2022 14:43:05] [gui] [info] saving a backup in case something goes wrong...
[02.02.2022 14:43:05] [netlist_persistent] [info] serialized netlist in 0.00 seconds
[02.02.2022 14:44:05] [gui] [info] saving a backup in case something goes wrong...
[02.02.2022 14:44:05] [netlist_persistent] [info] serialized netlist in 0.00 seconds
[02.02.2022 14:45:05] [gui] [info] saving a backup in case something goes wrong...
[02.02.2022 14:45:05] [netlist_persistent] [info] serialized netlist in 0.00 seconds
[02.02.2022 14:46:05] [gui] [info] saving a backup in case something goes wrong...
[02.02.2022 14:46:05] [netlist_persistent] [info] serialized netlist in 0.00 seconds
[02.02.2022 14:47:05] [gui] [info] saving a backup in case something goes wrong...
[02.02.2022 14:47:05] [netlist_persistent] [info] serialized netlist in 0.00 seconds
[02.02.2022 14:48:05] [gui] [info] saving a backup in case something goes wrong...
[02.02.2022 14:48:05] [netlist_persistent] [info] serialized netlist in 0.00 seconds
[02.02.2022 14:49:05] [gui] [info] saving a backup in case something goes wrong...
[02.02.2022 14:49:05] [netlist_persistent] [info] serialized netlist in 0.00 seconds
[02.02.2022 14:50:05] [gui] [info] saving a backup in case something goes wrong...
[02.02.2022 14:50:05] [netlist_persistent] [info] serialized netlist in 0.00 seconds
[02.02.2022 14:51:05] [gui] [info] saving a backup in case something goes wrong...
[02.02.2022 14:51:05] [netlist_persistent] [info] serialized netlist in 0.00 seconds
[02.02.2022 14:52:05] [gui] [info] saving a backup in case something goes wrong...
[02.02.2022 14:52:05] [netlist_persistent] [info] serialized netlist in 0.00 seconds
[02.02.2022 14:53:05] [gui] [info] saving a backup in case something goes wrong...
[02.02.2022 14:53:05] [netlist_persistent] [info] serialized netlist in 0.00 seconds
[02.02.2022 14:54:05] [gui] [info] saving a backup in case something goes wrong...
[02.02.2022 14:54:05] [netlist_persistent] [info] serialized netlist in 0.00 seconds
[02.02.2022 14:55:05] [gui] [info] saving a backup in case something goes wrong...
[02.02.2022 14:55:05] [netlist_persistent] [info] serialized netlist in 0.00 seconds
[02.02.2022 14:56:05] [gui] [info] saving a backup in case something goes wrong...
[02.02.2022 14:56:05] [netlist_persistent] [info] serialized netlist in 0.00 seconds
[02.02.2022 14:57:05] [gui] [info] saving a backup in case something goes wrong...
[02.02.2022 14:57:05] [netlist_persistent] [info] serialized netlist in 0.00 seconds
[02.02.2022 14:58:05] [gui] [info] saving a backup in case something goes wrong...
[02.02.2022 14:58:05] [netlist_persistent] [info] serialized netlist in 0.00 seconds
[02.02.2022 14:59:05] [gui] [info] saving a backup in case something goes wrong...
[02.02.2022 14:59:05] [netlist_persistent] [info] serialized netlist in 0.00 seconds
[02.02.2022 15:00:05] [gui] [info] saving a backup in case something goes wrong...
[02.02.2022 15:00:05] [netlist_persistent] [info] serialized netlist in 0.01 seconds
[02.02.2022 15:01:05] [gui] [info] saving a backup in case something goes wrong...
[02.02.2022 15:01:05] [netlist_persistent] [info] serialized netlist in 0.00 seconds
[02.02.2022 15:02:05] [gui] [info] saving a backup in case something goes wrong...
[02.02.2022 15:02:05] [netlist_persistent] [info] serialized netlist in 0.00 seconds
[02.02.2022 15:03:05] [gui] [info] saving a backup in case something goes wrong...
[02.02.2022 15:03:05] [netlist_persistent] [info] serialized netlist in 0.00 seconds
[02.02.2022 15:04:05] [gui] [info] saving a backup in case something goes wrong...
[02.02.2022 15:04:05] [netlist_persistent] [info] serialized netlist in 0.00 seconds
[02.02.2022 15:05:05] [gui] [info] saving a backup in case something goes wrong...
[02.02.2022 15:05:05] [netlist_persistent] [info] serialized netlist in 0.00 seconds
[02.02.2022 15:06:05] [gui] [info] saving a backup in case something goes wrong...
[02.02.2022 15:06:05] [netlist_persistent] [info] serialized netlist in 0.01 seconds
[02.02.2022 15:07:05] [gui] [info] saving a backup in case something goes wrong...
[02.02.2022 15:07:05] [netlist_persistent] [info] serialized netlist in 0.00 seconds
[02.02.2022 15:08:05] [gui] [info] saving a backup in case something goes wrong...
[02.02.2022 15:08:05] [netlist_persistent] [info] serialized netlist in 0.00 seconds
[02.02.2022 15:09:05] [gui] [info] saving a backup in case something goes wrong...
[02.02.2022 15:09:05] [netlist_persistent] [info] serialized netlist in 0.00 seconds
[02.02.2022 15:10:05] [gui] [info] saving a backup in case something goes wrong...
[02.02.2022 15:10:05] [netlist_persistent] [info] serialized netlist in 0.01 seconds
[02.02.2022 15:11:05] [gui] [info] saving a backup in case something goes wrong...
[02.02.2022 15:11:05] [netlist_persistent] [info] serialized netlist in 0.00 seconds
[02.02.2022 15:12:05] [gui] [info] saving a backup in case something goes wrong...
[02.02.2022 15:12:05] [netlist_persistent] [info] serialized netlist in 0.00 seconds
[02.02.2022 15:13:05] [gui] [info] saving a backup in case something goes wrong...
[02.02.2022 15:13:05] [netlist_persistent] [info] serialized netlist in 0.00 seconds
[02.02.2022 15:14:05] [gui] [info] saving a backup in case something goes wrong...
[02.02.2022 15:14:05] [netlist_persistent] [info] serialized netlist in 0.00 seconds
[02.02.2022 15:15:05] [gui] [info] saving a backup in case something goes wrong...
[02.02.2022 15:15:05] [netlist_persistent] [info] serialized netlist in 0.00 seconds
[02.02.2022 15:16:05] [gui] [info] saving a backup in case something goes wrong...
[02.02.2022 15:16:05] [netlist_persistent] [info] serialized netlist in 0.00 seconds
[02.02.2022 15:17:05] [gui] [info] saving a backup in case something goes wrong...
[02.02.2022 15:17:05] [netlist_persistent] [info] serialized netlist in 0.00 seconds
[02.02.2022 15:18:05] [gui] [info] saving a backup in case something goes wrong...
[02.02.2022 15:18:05] [netlist_persistent] [info] serialized netlist in 0.00 seconds
[02.02.2022 15:19:05] [gui] [info] saving a backup in case something goes wrong...
[02.02.2022 15:19:05] [netlist_persistent] [info] serialized netlist in 0.01 seconds
[02.02.2022 15:20:05] [gui] [info] saving a backup in case something goes wrong...
[02.02.2022 15:20:05] [netlist_persistent] [info] serialized netlist in 0.00 seconds
[02.02.2022 15:21:05] [gui] [info] saving a backup in case something goes wrong...
[02.02.2022 15:21:05] [netlist_persistent] [info] serialized netlist in 0.00 seconds
[02.02.2022 15:22:05] [gui] [info] saving a backup in case something goes wrong...
[02.02.2022 15:22:05] [netlist_persistent] [info] serialized netlist in 0.00 seconds
[02.02.2022 15:56:29] [gui] [info] saving a backup in case something goes wrong...
[02.02.2022 15:56:29] [netlist_persistent] [info] serialized netlist in 0.00 seconds
[02.02.2022 15:57:29] [gui] [info] saving a backup in case something goes wrong...
[02.02.2022 15:57:29] [netlist_persistent] [info] serialized netlist in 0.00 seconds
[02.02.2022 15:58:29] [gui] [info] saving a backup in case something goes wrong...
[02.02.2022 15:58:29] [netlist_persistent] [info] serialized netlist in 0.00 seconds
[02.02.2022 15:59:29] [gui] [info] saving a backup in case something goes wrong...
[02.02.2022 15:59:29] [netlist_persistent] [info] serialized netlist in 0.00 seconds
[02.02.2022 16:00:29] [gui] [info] saving a backup in case something goes wrong...
[02.02.2022 16:00:29] [netlist_persistent] [info] serialized netlist in 0.00 seconds
[02.02.2022 16:01:29] [gui] [info] saving a backup in case something goes wrong...
[02.02.2022 16:01:29] [netlist_persistent] [info] serialized netlist in 0.00 seconds
[02.02.2022 16:02:29] [gui] [info] saving a backup in case something goes wrong...
[02.02.2022 16:02:29] [netlist_persistent] [info] serialized netlist in 0.00 seconds
[02.02.2022 16:03:29] [gui] [info] saving a backup in case something goes wrong...
[02.02.2022 16:03:29] [netlist_persistent] [info] serialized netlist in 0.00 seconds
[02.02.2022 16:04:29] [gui] [info] saving a backup in case something goes wrong...
[02.02.2022 16:04:29] [netlist_persistent] [info] serialized netlist in 0.00 seconds
[02.02.2022 16:05:29] [gui] [info] saving a backup in case something goes wrong...
[02.02.2022 16:05:29] [netlist_persistent] [info] serialized netlist in 0.00 seconds
[02.02.2022 16:06:29] [gui] [info] saving a backup in case something goes wrong...
[02.02.2022 16:06:29] [netlist_persistent] [info] serialized netlist in 0.00 seconds
[02.02.2022 16:07:29] [gui] [info] saving a backup in case something goes wrong...
[02.02.2022 16:07:29] [netlist_persistent] [info] serialized netlist in 0.00 seconds
[02.02.2022 16:08:29] [gui] [info] saving a backup in case something goes wrong...
[02.02.2022 16:08:29] [netlist_persistent] [info] serialized netlist in 0.00 seconds
[02.02.2022 16:09:29] [gui] [info] saving a backup in case something goes wrong...
[02.02.2022 16:09:29] [netlist_persistent] [info] serialized netlist in 0.00 seconds
[02.02.2022 16:10:29] [gui] [info] saving a backup in case something goes wrong...
[02.02.2022 16:10:29] [netlist_persistent] [info] serialized netlist in 0.00 seconds
[02.02.2022 16:11:29] [gui] [info] saving a backup in case something goes wrong...
[02.02.2022 16:11:29] [netlist_persistent] [info] serialized netlist in 0.00 seconds
[02.02.2022 16:12:29] [gui] [info] saving a backup in case something goes wrong...
[02.02.2022 16:12:29] [netlist_persistent] [info] serialized netlist in 0.00 seconds
[02.02.2022 16:13:29] [gui] [info] saving a backup in case something goes wrong...
[02.02.2022 16:13:29] [netlist_persistent] [info] serialized netlist in 0.00 seconds
[02.02.2022 16:14:29] [gui] [info] saving a backup in case something goes wrong...
[02.02.2022 16:14:29] [netlist_persistent] [info] serialized netlist in 0.00 seconds
[02.02.2022 16:15:29] [gui] [info] saving a backup in case something goes wrong...
[02.02.2022 16:15:29] [netlist_persistent] [info] serialized netlist in 0.00 seconds
[02.02.2022 16:16:29] [gui] [info] saving a backup in case something goes wrong...
[02.02.2022 16:16:29] [netlist_persistent] [info] serialized netlist in 0.00 seconds
[02.02.2022 16:17:29] [gui] [info] saving a backup in case something goes wrong...
[02.02.2022 16:17:29] [netlist_persistent] [info] serialized netlist in 0.01 seconds
[02.02.2022 16:18:29] [gui] [info] saving a backup in case something goes wrong...
[02.02.2022 16:18:29] [netlist_persistent] [info] serialized netlist in 0.00 seconds
[02.02.2022 16:19:29] [gui] [info] saving a backup in case something goes wrong...
[02.02.2022 16:19:29] [netlist_persistent] [info] serialized netlist in 0.01 seconds
[02.02.2022 16:20:29] [gui] [info] saving a backup in case something goes wrong...
[02.02.2022 16:20:29] [netlist_persistent] [info] serialized netlist in 0.00 seconds
[02.02.2022 16:21:29] [gui] [info] saving a backup in case something goes wrong...
[02.02.2022 16:21:29] [netlist_persistent] [info] serialized netlist in 0.00 seconds
[02.02.2022 16:22:29] [gui] [info] saving a backup in case something goes wrong...
[02.02.2022 16:22:29] [netlist_persistent] [info] serialized netlist in 0.00 seconds
[02.02.2022 16:23:29] [gui] [info] saving a backup in case something goes wrong...
[02.02.2022 16:23:29] [netlist_persistent] [info] serialized netlist in 0.00 seconds
[02.02.2022 16:24:29] [gui] [info] saving a backup in case something goes wrong...
[02.02.2022 16:24:29] [netlist_persistent] [info] serialized netlist in 0.00 seconds
[02.02.2022 16:25:29] [gui] [info] saving a backup in case something goes wrong...
[02.02.2022 16:25:29] [netlist_persistent] [info] serialized netlist in 0.00 seconds
[02.02.2022 16:26:29] [gui] [info] saving a backup in case something goes wrong...
[02.02.2022 16:26:29] [netlist_persistent] [info] serialized netlist in 0.00 seconds
[02.02.2022 16:27:29] [gui] [info] saving a backup in case something goes wrong...
[02.02.2022 16:27:29] [netlist_persistent] [info] serialized netlist in 0.00 seconds
[02.02.2022 16:28:29] [gui] [info] saving a backup in case something goes wrong...
[02.02.2022 16:28:29] [netlist_persistent] [info] serialized netlist in 0.00 seconds
[02.02.2022 16:29:29] [gui] [info] saving a backup in case something goes wrong...
[02.02.2022 16:29:29] [netlist_persistent] [info] serialized netlist in 0.00 seconds
[02.02.2022 16:30:29] [gui] [info] saving a backup in case something goes wrong...
[02.02.2022 16:30:29] [netlist_persistent] [info] serialized netlist in 0.01 seconds
[02.02.2022 16:31:29] [gui] [info] saving a backup in case something goes wrong...
[02.02.2022 16:31:29] [netlist_persistent] [info] serialized netlist in 0.00 seconds
[02.02.2022 16:32:29] [gui] [info] saving a backup in case something goes wrong...
[02.02.2022 16:32:29] [netlist_persistent] [info] serialized netlist in 0.00 seconds
[02.02.2022 16:33:29] [gui] [info] saving a backup in case something goes wrong...
[02.02.2022 16:33:29] [netlist_persistent] [info] serialized netlist in 0.00 seconds
[02.02.2022 16:34:29] [gui] [info] saving a backup in case something goes wrong...
[02.02.2022 16:34:29] [netlist_persistent] [info] serialized netlist in 0.00 seconds
[02.02.2022 16:35:29] [gui] [info] saving a backup in case something goes wrong...
[02.02.2022 16:35:29] [netlist_persistent] [info] serialized netlist in 0.00 seconds
[02.02.2022 16:36:29] [gui] [info] saving a backup in case something goes wrong...
[02.02.2022 16:36:29] [netlist_persistent] [info] serialized netlist in 0.00 seconds
[02.02.2022 16:37:29] [gui] [info] saving a backup in case something goes wrong...
[02.02.2022 16:37:29] [netlist_persistent] [info] serialized netlist in 0.00 seconds
[02.02.2022 16:38:29] [gui] [info] saving a backup in case something goes wrong...
[02.02.2022 16:38:29] [netlist_persistent] [info] serialized netlist in 0.00 seconds
[02.02.2022 16:39:29] [gui] [info] saving a backup in case something goes wrong...
[02.02.2022 16:39:29] [netlist_persistent] [info] serialized netlist in 0.00 seconds
[02.02.2022 16:40:29] [gui] [info] saving a backup in case something goes wrong...
[02.02.2022 16:40:29] [netlist_persistent] [info] serialized netlist in 0.00 seconds
[02.02.2022 16:41:29] [gui] [info] saving a backup in case something goes wrong...
[02.02.2022 16:41:29] [netlist_persistent] [info] serialized netlist in 0.00 seconds
[02.02.2022 16:42:29] [gui] [info] saving a backup in case something goes wrong...
[02.02.2022 16:42:29] [netlist_persistent] [info] serialized netlist in 0.01 seconds
[02.02.2022 16:43:29] [gui] [info] saving a backup in case something goes wrong...
[02.02.2022 16:43:29] [netlist_persistent] [info] serialized netlist in 0.00 seconds
[02.02.2022 16:44:29] [gui] [info] saving a backup in case something goes wrong...
[02.02.2022 16:44:29] [netlist_persistent] [info] serialized netlist in 0.00 seconds
[02.02.2022 16:45:29] [gui] [info] saving a backup in case something goes wrong...
[02.02.2022 16:45:29] [netlist_persistent] [info] serialized netlist in 0.01 seconds
[02.02.2022 16:46:29] [gui] [info] saving a backup in case something goes wrong...
[02.02.2022 16:46:29] [netlist_persistent] [info] serialized netlist in 0.00 seconds
[02.02.2022 16:47:29] [gui] [info] saving a backup in case something goes wrong...
[02.02.2022 16:47:29] [netlist_persistent] [info] serialized netlist in 0.00 seconds
[02.02.2022 16:48:29] [gui] [info] saving a backup in case something goes wrong...
[02.02.2022 16:48:29] [netlist_persistent] [info] serialized netlist in 0.00 seconds
[02.02.2022 16:49:29] [gui] [info] saving a backup in case something goes wrong...
[02.02.2022 16:49:29] [netlist_persistent] [info] serialized netlist in 0.00 seconds
[02.02.2022 16:50:29] [gui] [info] saving a backup in case something goes wrong...
[02.02.2022 16:50:29] [netlist_persistent] [info] serialized netlist in 0.00 seconds
[02.02.2022 16:51:29] [gui] [info] saving a backup in case something goes wrong...
[02.02.2022 16:51:29] [netlist_persistent] [info] serialized netlist in 0.00 seconds
[02.02.2022 16:52:29] [gui] [info] saving a backup in case something goes wrong...
[02.02.2022 16:52:29] [netlist_persistent] [info] serialized netlist in 0.01 seconds
[02.02.2022 16:53:29] [gui] [info] saving a backup in case something goes wrong...
[02.02.2022 16:53:29] [netlist_persistent] [info] serialized netlist in 0.00 seconds
[02.02.2022 16:54:29] [gui] [info] saving a backup in case something goes wrong...
[02.02.2022 16:54:29] [netlist_persistent] [info] serialized netlist in 0.00 seconds
[02.02.2022 16:55:29] [gui] [info] saving a backup in case something goes wrong...
[02.02.2022 16:55:29] [netlist_persistent] [info] serialized netlist in 0.00 seconds
[02.02.2022 16:56:29] [gui] [info] saving a backup in case something goes wrong...
[02.02.2022 16:56:29] [netlist_persistent] [info] serialized netlist in 0.00 seconds
[02.02.2022 16:57:29] [gui] [info] saving a backup in case something goes wrong...
[02.02.2022 16:57:29] [netlist_persistent] [info] serialized netlist in 0.00 seconds
[02.02.2022 16:58:29] [gui] [info] saving a backup in case something goes wrong...
[02.02.2022 16:58:29] [netlist_persistent] [info] serialized netlist in 0.00 seconds
[02.02.2022 16:59:29] [gui] [info] saving a backup in case something goes wrong...
[02.02.2022 16:59:29] [netlist_persistent] [info] serialized netlist in 0.00 seconds
[02.02.2022 17:00:29] [gui] [info] saving a backup in case something goes wrong...
[02.02.2022 17:00:29] [netlist_persistent] [info] serialized netlist in 0.01 seconds
[02.02.2022 17:01:29] [gui] [info] saving a backup in case something goes wrong...
[02.02.2022 17:01:29] [netlist_persistent] [info] serialized netlist in 0.00 seconds
[02.02.2022 17:02:29] [gui] [info] saving a backup in case something goes wrong...
[02.02.2022 17:02:29] [netlist_persistent] [info] serialized netlist in 0.01 seconds
[02.02.2022 17:03:29] [gui] [info] saving a backup in case something goes wrong...
[02.02.2022 17:03:29] [netlist_persistent] [info] serialized netlist in 0.00 seconds
[02.02.2022 17:04:29] [gui] [info] saving a backup in case something goes wrong...
[02.02.2022 17:04:29] [netlist_persistent] [info] serialized netlist in 0.00 seconds
[02.02.2022 17:05:29] [gui] [info] saving a backup in case something goes wrong...
[02.02.2022 17:05:29] [netlist_persistent] [info] serialized netlist in 0.00 seconds
[02.02.2022 17:06:29] [gui] [info] saving a backup in case something goes wrong...
[02.02.2022 17:06:29] [netlist_persistent] [info] serialized netlist in 0.00 seconds
[02.02.2022 17:07:29] [gui] [info] saving a backup in case something goes wrong...
[02.02.2022 17:07:29] [netlist_persistent] [info] serialized netlist in 0.00 seconds
[02.02.2022 17:08:29] [gui] [info] saving a backup in case something goes wrong...
[02.02.2022 17:08:29] [netlist_persistent] [info] serialized netlist in 0.00 seconds
[02.02.2022 17:09:29] [gui] [info] saving a backup in case something goes wrong...
[02.02.2022 17:09:29] [netlist_persistent] [info] serialized netlist in 0.00 seconds
[02.02.2022 17:10:29] [gui] [info] saving a backup in case something goes wrong...
[02.02.2022 17:10:29] [netlist_persistent] [info] serialized netlist in 0.00 seconds
[02.02.2022 17:11:29] [gui] [info] saving a backup in case something goes wrong...
[02.02.2022 17:11:29] [netlist_persistent] [info] serialized netlist in 0.00 seconds
[02.02.2022 17:12:29] [gui] [info] saving a backup in case something goes wrong...
[02.02.2022 17:12:29] [netlist_persistent] [info] serialized netlist in 0.00 seconds
[02.02.2022 17:13:29] [gui] [info] saving a backup in case something goes wrong...
[02.02.2022 17:13:29] [netlist_persistent] [info] serialized netlist in 0.00 seconds
[02.02.2022 17:14:29] [gui] [info] saving a backup in case something goes wrong...
[02.02.2022 17:14:29] [netlist_persistent] [info] serialized netlist in 0.02 seconds
[02.02.2022 17:15:29] [gui] [info] saving a backup in case something goes wrong...
[02.02.2022 17:15:29] [netlist_persistent] [info] serialized netlist in 0.00 seconds
[02.02.2022 17:16:29] [gui] [info] saving a backup in case something goes wrong...
[02.02.2022 17:16:29] [netlist_persistent] [info] serialized netlist in 0.00 seconds
[02.02.2022 17:17:29] [gui] [info] saving a backup in case something goes wrong...
[02.02.2022 17:17:29] [netlist_persistent] [info] serialized netlist in 0.00 seconds
[02.02.2022 17:18:29] [gui] [info] saving a backup in case something goes wrong...
[02.02.2022 17:18:29] [netlist_persistent] [info] serialized netlist in 0.00 seconds
[02.02.2022 17:19:29] [gui] [info] saving a backup in case something goes wrong...
[02.02.2022 17:19:29] [netlist_persistent] [info] serialized netlist in 0.00 seconds
[02.02.2022 17:20:29] [gui] [info] saving a backup in case something goes wrong...
[02.02.2022 17:20:29] [netlist_persistent] [info] serialized netlist in 0.00 seconds
[02.02.2022 17:21:29] [gui] [info] saving a backup in case something goes wrong...
[02.02.2022 17:21:29] [netlist_persistent] [info] serialized netlist in 0.00 seconds
[02.02.2022 17:22:29] [gui] [info] saving a backup in case something goes wrong...
[02.02.2022 17:22:29] [netlist_persistent] [info] serialized netlist in 0.00 seconds
[02.02.2022 17:23:29] [gui] [info] saving a backup in case something goes wrong...
[02.02.2022 17:23:29] [netlist_persistent] [info] serialized netlist in 0.00 seconds
[02.02.2022 17:24:29] [gui] [info] saving a backup in case something goes wrong...
[02.02.2022 17:24:29] [netlist_persistent] [info] serialized netlist in 0.01 seconds
[02.02.2022 17:25:29] [gui] [info] saving a backup in case something goes wrong...
[02.02.2022 17:25:29] [netlist_persistent] [info] serialized netlist in 0.00 seconds
[02.02.2022 17:26:29] [gui] [info] saving a backup in case something goes wrong...
[02.02.2022 17:26:29] [netlist_persistent] [info] serialized netlist in 0.00 seconds
[02.02.2022 17:27:29] [gui] [info] saving a backup in case something goes wrong...
[02.02.2022 17:27:29] [netlist_persistent] [info] serialized netlist in 0.00 seconds
[02.02.2022 17:28:29] [gui] [info] saving a backup in case something goes wrong...
[02.02.2022 17:28:29] [netlist_persistent] [info] serialized netlist in 0.00 seconds
[02.02.2022 17:29:29] [gui] [info] saving a backup in case something goes wrong...
[02.02.2022 17:29:29] [netlist_persistent] [info] serialized netlist in 0.00 seconds
[02.02.2022 17:30:29] [gui] [info] saving a backup in case something goes wrong...
[02.02.2022 17:30:29] [netlist_persistent] [info] serialized netlist in 0.00 seconds
[02.02.2022 17:31:29] [gui] [info] saving a backup in case something goes wrong...
[02.02.2022 17:31:29] [netlist_persistent] [info] serialized netlist in 0.00 seconds
[02.02.2022 17:32:29] [gui] [info] saving a backup in case something goes wrong...
[02.02.2022 17:32:29] [netlist_persistent] [info] serialized netlist in 0.01 seconds
[02.02.2022 17:33:29] [gui] [info] saving a backup in case something goes wrong...
[02.02.2022 17:33:29] [netlist_persistent] [info] serialized netlist in 0.00 seconds
[02.02.2022 17:34:29] [gui] [info] saving a backup in case something goes wrong...
[02.02.2022 17:34:29] [netlist_persistent] [info] serialized netlist in 0.00 seconds
[02.02.2022 17:35:29] [gui] [info] saving a backup in case something goes wrong...
[02.02.2022 17:35:29] [netlist_persistent] [info] serialized netlist in 0.00 seconds
[02.02.2022 17:36:29] [gui] [info] saving a backup in case something goes wrong...
[02.02.2022 17:36:29] [netlist_persistent] [info] serialized netlist in 0.00 seconds
[02.02.2022 17:37:29] [gui] [info] saving a backup in case something goes wrong...
[02.02.2022 17:37:29] [netlist_persistent] [info] serialized netlist in 0.00 seconds
[02.02.2022 17:38:29] [gui] [info] saving a backup in case something goes wrong...
[02.02.2022 17:38:29] [netlist_persistent] [info] serialized netlist in 0.00 seconds
[02.02.2022 17:39:29] [gui] [info] saving a backup in case something goes wrong...
[02.02.2022 17:39:29] [netlist_persistent] [info] serialized netlist in 0.00 seconds
[02.02.2022 17:40:29] [gui] [info] saving a backup in case something goes wrong...
[02.02.2022 17:40:29] [netlist_persistent] [info] serialized netlist in 0.00 seconds
[02.02.2022 17:41:29] [gui] [info] saving a backup in case something goes wrong...
[02.02.2022 17:41:29] [netlist_persistent] [info] serialized netlist in 0.00 seconds
[02.02.2022 17:42:29] [gui] [info] saving a backup in case something goes wrong...
[02.02.2022 17:42:29] [netlist_persistent] [info] serialized netlist in 0.00 seconds
[02.02.2022 17:43:29] [gui] [info] saving a backup in case something goes wrong...
[02.02.2022 17:43:29] [netlist_persistent] [info] serialized netlist in 0.00 seconds
[02.02.2022 17:44:29] [gui] [info] saving a backup in case something goes wrong...
[02.02.2022 17:44:29] [netlist_persistent] [info] serialized netlist in 0.00 seconds
[02.02.2022 17:45:29] [gui] [info] saving a backup in case something goes wrong...
[02.02.2022 17:45:29] [netlist_persistent] [info] serialized netlist in 0.00 seconds
[02.02.2022 17:46:29] [gui] [info] saving a backup in case something goes wrong...
[02.02.2022 17:46:29] [netlist_persistent] [info] serialized netlist in 0.00 seconds
[02.02.2022 17:47:29] [gui] [info] saving a backup in case something goes wrong...
[02.02.2022 17:47:29] [netlist_persistent] [info] serialized netlist in 0.00 seconds
[02.02.2022 17:48:29] [gui] [info] saving a backup in case something goes wrong...
[02.02.2022 17:48:29] [netlist_persistent] [info] serialized netlist in 0.00 seconds
[02.02.2022 17:49:29] [gui] [info] saving a backup in case something goes wrong...
[02.02.2022 17:49:29] [netlist_persistent] [info] serialized netlist in 0.00 seconds
[02.02.2022 17:50:29] [gui] [info] saving a backup in case something goes wrong...
[02.02.2022 17:50:29] [netlist_persistent] [info] serialized netlist in 0.01 seconds
[02.02.2022 17:51:29] [gui] [info] saving a backup in case something goes wrong...
[02.02.2022 17:51:29] [netlist_persistent] [info] serialized netlist in 0.00 seconds
[02.02.2022 17:52:29] [gui] [info] saving a backup in case something goes wrong...
[02.02.2022 17:52:29] [netlist_persistent] [info] serialized netlist in 0.00 seconds
[02.02.2022 17:53:29] [gui] [info] saving a backup in case something goes wrong...
[02.02.2022 17:53:29] [netlist_persistent] [info] serialized netlist in 0.00 seconds
[02.02.2022 17:54:29] [gui] [info] saving a backup in case something goes wrong...
[02.02.2022 17:54:29] [netlist_persistent] [info] serialized netlist in 0.00 seconds
[02.02.2022 17:55:29] [gui] [info] saving a backup in case something goes wrong...
[02.02.2022 17:55:29] [netlist_persistent] [info] serialized netlist in 0.00 seconds
[02.02.2022 17:56:29] [gui] [info] saving a backup in case something goes wrong...
[02.02.2022 17:56:29] [netlist_persistent] [info] serialized netlist in 0.00 seconds
[02.02.2022 17:57:29] [gui] [info] saving a backup in case something goes wrong...
[02.02.2022 17:57:29] [netlist_persistent] [info] serialized netlist in 0.00 seconds
[02.02.2022 17:58:29] [gui] [info] saving a backup in case something goes wrong...
[02.02.2022 17:58:29] [netlist_persistent] [info] serialized netlist in 0.00 seconds
[02.02.2022 17:59:29] [gui] [info] saving a backup in case something goes wrong...
[02.02.2022 17:59:29] [netlist_persistent] [info] serialized netlist in 0.00 seconds
[02.02.2022 18:00:29] [gui] [info] saving a backup in case something goes wrong...
[02.02.2022 18:00:29] [netlist_persistent] [info] serialized netlist in 0.00 seconds
[02.02.2022 18:01:29] [gui] [info] saving a backup in case something goes wrong...
[02.02.2022 18:01:29] [netlist_persistent] [info] serialized netlist in 0.00 seconds
[02.02.2022 18:02:29] [gui] [info] saving a backup in case something goes wrong...
[02.02.2022 18:02:29] [netlist_persistent] [info] serialized netlist in 0.00 seconds
[02.02.2022 18:03:29] [gui] [info] saving a backup in case something goes wrong...
[02.02.2022 18:03:29] [netlist_persistent] [info] serialized netlist in 0.00 seconds
[02.02.2022 18:04:29] [gui] [info] saving a backup in case something goes wrong...
[02.02.2022 18:04:29] [netlist_persistent] [info] serialized netlist in 0.00 seconds
[02.02.2022 18:05:29] [gui] [info] saving a backup in case something goes wrong...
[02.02.2022 18:05:29] [netlist_persistent] [info] serialized netlist in 0.00 seconds
[02.02.2022 18:06:29] [gui] [info] saving a backup in case something goes wrong...
[02.02.2022 18:06:29] [netlist_persistent] [info] serialized netlist in 0.00 seconds
[02.02.2022 18:07:29] [gui] [info] saving a backup in case something goes wrong...
[02.02.2022 18:07:29] [netlist_persistent] [info] serialized netlist in 0.00 seconds
[02.02.2022 18:08:29] [gui] [info] saving a backup in case something goes wrong...
[02.02.2022 18:08:29] [netlist_persistent] [info] serialized netlist in 0.00 seconds
[02.02.2022 18:09:29] [gui] [info] saving a backup in case something goes wrong...
[02.02.2022 18:09:29] [netlist_persistent] [info] serialized netlist in 0.00 seconds
[02.02.2022 18:10:29] [gui] [info] saving a backup in case something goes wrong...
[02.02.2022 18:10:29] [netlist_persistent] [info] serialized netlist in 0.01 seconds
[02.02.2022 18:11:29] [gui] [info] saving a backup in case something goes wrong...
[02.02.2022 18:11:29] [netlist_persistent] [info] serialized netlist in 0.01 seconds
[02.02.2022 18:12:29] [gui] [info] saving a backup in case something goes wrong...
[02.02.2022 18:12:29] [netlist_persistent] [info] serialized netlist in 0.00 seconds
[02.02.2022 18:13:29] [gui] [info] saving a backup in case something goes wrong...
[02.02.2022 18:13:29] [netlist_persistent] [info] serialized netlist in 0.00 seconds
[02.02.2022 18:14:29] [gui] [info] saving a backup in case something goes wrong...
[02.02.2022 18:14:29] [netlist_persistent] [info] serialized netlist in 0.00 seconds
[02.02.2022 18:15:29] [gui] [info] saving a backup in case something goes wrong...
[02.02.2022 18:15:29] [netlist_persistent] [info] serialized netlist in 0.00 seconds
[02.02.2022 18:16:29] [gui] [info] saving a backup in case something goes wrong...
[02.02.2022 18:16:29] [netlist_persistent] [info] serialized netlist in 0.00 seconds
[02.02.2022 18:17:29] [gui] [info] saving a backup in case something goes wrong...
[02.02.2022 18:17:29] [netlist_persistent] [info] serialized netlist in 0.01 seconds
[02.02.2022 18:18:29] [gui] [info] saving a backup in case something goes wrong...
[02.02.2022 18:18:29] [netlist_persistent] [info] serialized netlist in 0.00 seconds
[02.02.2022 18:19:29] [gui] [info] saving a backup in case something goes wrong...
[02.02.2022 18:19:29] [netlist_persistent] [info] serialized netlist in 0.00 seconds
[02.02.2022 18:20:29] [gui] [info] saving a backup in case something goes wrong...
[02.02.2022 18:20:29] [netlist_persistent] [info] serialized netlist in 0.00 seconds
[02.02.2022 18:21:29] [gui] [info] saving a backup in case something goes wrong...
[02.02.2022 18:21:29] [netlist_persistent] [info] serialized netlist in 0.00 seconds
[02.02.2022 18:22:29] [gui] [info] saving a backup in case something goes wrong...
[02.02.2022 18:22:29] [netlist_persistent] [info] serialized netlist in 0.00 seconds
[02.02.2022 18:23:29] [gui] [info] saving a backup in case something goes wrong...
[02.02.2022 18:23:29] [netlist_persistent] [info] serialized netlist in 0.00 seconds
[02.02.2022 18:24:29] [gui] [info] saving a backup in case something goes wrong...
[02.02.2022 18:24:29] [netlist_persistent] [info] serialized netlist in 0.01 seconds
[02.02.2022 18:25:29] [gui] [info] saving a backup in case something goes wrong...
[02.02.2022 18:25:29] [netlist_persistent] [info] serialized netlist in 0.00 seconds
[02.02.2022 18:26:29] [gui] [info] saving a backup in case something goes wrong...
[02.02.2022 18:26:29] [netlist_persistent] [info] serialized netlist in 0.00 seconds
[02.02.2022 18:27:29] [gui] [info] saving a backup in case something goes wrong...
[02.02.2022 18:27:29] [netlist_persistent] [info] serialized netlist in 0.00 seconds
[02.02.2022 18:28:29] [gui] [info] saving a backup in case something goes wrong...
[02.02.2022 18:28:29] [netlist_persistent] [info] serialized netlist in 0.00 seconds
[02.02.2022 18:29:29] [gui] [info] saving a backup in case something goes wrong...
[02.02.2022 18:29:29] [netlist_persistent] [info] serialized netlist in 0.00 seconds
[02.02.2022 18:30:29] [gui] [info] saving a backup in case something goes wrong...
[02.02.2022 18:30:29] [netlist_persistent] [info] serialized netlist in 0.00 seconds
[02.02.2022 18:31:29] [gui] [info] saving a backup in case something goes wrong...
[02.02.2022 18:31:29] [netlist_persistent] [info] serialized netlist in 0.00 seconds
[02.02.2022 18:32:29] [gui] [info] saving a backup in case something goes wrong...
[02.02.2022 18:32:29] [netlist_persistent] [info] serialized netlist in 0.00 seconds
[02.02.2022 18:33:29] [gui] [info] saving a backup in case something goes wrong...
[02.02.2022 18:33:29] [netlist_persistent] [info] serialized netlist in 0.00 seconds
[02.02.2022 18:34:29] [gui] [info] saving a backup in case something goes wrong...
[02.02.2022 18:34:29] [netlist_persistent] [info] serialized netlist in 0.00 seconds
[02.02.2022 18:35:29] [gui] [info] saving a backup in case something goes wrong...
[02.02.2022 18:35:29] [netlist_persistent] [info] serialized netlist in 0.00 seconds
[02.02.2022 18:36:29] [gui] [info] saving a backup in case something goes wrong...
[02.02.2022 18:36:29] [netlist_persistent] [info] serialized netlist in 0.00 seconds
[02.02.2022 18:37:29] [gui] [info] saving a backup in case something goes wrong...
[02.02.2022 18:37:29] [netlist_persistent] [info] serialized netlist in 0.00 seconds
[02.02.2022 18:38:29] [gui] [info] saving a backup in case something goes wrong...
[02.02.2022 18:38:29] [netlist_persistent] [info] serialized netlist in 0.00 seconds
[02.02.2022 18:39:29] [gui] [info] saving a backup in case something goes wrong...
[02.02.2022 18:39:29] [netlist_persistent] [info] serialized netlist in 0.00 seconds
[02.02.2022 18:40:29] [gui] [info] saving a backup in case something goes wrong...
[02.02.2022 18:40:29] [netlist_persistent] [info] serialized netlist in 0.01 seconds
[02.02.2022 18:41:29] [gui] [info] saving a backup in case something goes wrong...
[02.02.2022 18:41:29] [netlist_persistent] [info] serialized netlist in 0.00 seconds
[02.02.2022 18:42:29] [gui] [info] saving a backup in case something goes wrong...
[02.02.2022 18:42:29] [netlist_persistent] [info] serialized netlist in 0.00 seconds
[02.02.2022 18:43:29] [gui] [info] saving a backup in case something goes wrong...
[02.02.2022 18:43:29] [netlist_persistent] [info] serialized netlist in 0.01 seconds
[02.02.2022 18:44:29] [gui] [info] saving a backup in case something goes wrong...
[02.02.2022 18:44:29] [netlist_persistent] [info] serialized netlist in 0.00 seconds
[02.02.2022 18:45:29] [gui] [info] saving a backup in case something goes wrong...
[02.02.2022 18:45:29] [netlist_persistent] [info] serialized netlist in 0.00 seconds
[02.02.2022 18:46:29] [gui] [info] saving a backup in case something goes wrong...
[02.02.2022 18:46:29] [netlist_persistent] [info] serialized netlist in 0.01 seconds
[02.02.2022 18:47:29] [gui] [info] saving a backup in case something goes wrong...
[02.02.2022 18:47:29] [netlist_persistent] [info] serialized netlist in 0.00 seconds
[02.02.2022 18:48:29] [gui] [info] saving a backup in case something goes wrong...
[02.02.2022 18:48:29] [netlist_persistent] [info] serialized netlist in 0.01 seconds
[02.02.2022 18:49:29] [gui] [info] saving a backup in case something goes wrong...
[02.02.2022 18:49:29] [netlist_persistent] [info] serialized netlist in 0.00 seconds
[02.02.2022 18:50:29] [gui] [info] saving a backup in case something goes wrong...
[02.02.2022 18:50:29] [netlist_persistent] [info] serialized netlist in 0.00 seconds
[02.02.2022 18:51:29] [gui] [info] saving a backup in case something goes wrong...
[02.02.2022 18:51:29] [netlist_persistent] [info] serialized netlist in 0.00 seconds
[02.02.2022 18:52:29] [gui] [info] saving a backup in case something goes wrong...
[02.02.2022 18:52:29] [netlist_persistent] [info] serialized netlist in 0.00 seconds
[02.02.2022 18:53:29] [gui] [info] saving a backup in case something goes wrong...
[02.02.2022 18:53:29] [netlist_persistent] [info] serialized netlist in 0.00 seconds
[02.02.2022 18:54:29] [gui] [info] saving a backup in case something goes wrong...
[02.02.2022 18:54:29] [netlist_persistent] [info] serialized netlist in 0.00 seconds
[02.02.2022 18:55:29] [gui] [info] saving a backup in case something goes wrong...
[02.02.2022 18:55:29] [netlist_persistent] [info] serialized netlist in 0.00 seconds
[02.02.2022 18:56:29] [gui] [info] saving a backup in case something goes wrong...
[02.02.2022 18:56:29] [netlist_persistent] [info] serialized netlist in 0.00 seconds
[02.02.2022 18:57:29] [gui] [info] saving a backup in case something goes wrong...
[02.02.2022 18:57:29] [netlist_persistent] [info] serialized netlist in 0.00 seconds
[02.02.2022 18:58:29] [gui] [info] saving a backup in case something goes wrong...
[02.02.2022 18:58:29] [netlist_persistent] [info] serialized netlist in 0.01 seconds
[02.02.2022 18:59:29] [gui] [info] saving a backup in case something goes wrong...
[02.02.2022 18:59:29] [netlist_persistent] [info] serialized netlist in 0.00 seconds
[02.02.2022 19:00:29] [gui] [info] saving a backup in case something goes wrong...
[02.02.2022 19:00:29] [netlist_persistent] [info] serialized netlist in 0.00 seconds
[02.02.2022 19:01:29] [gui] [info] saving a backup in case something goes wrong...
[02.02.2022 19:01:29] [netlist_persistent] [info] serialized netlist in 0.00 seconds
[02.02.2022 19:02:29] [gui] [info] saving a backup in case something goes wrong...
[02.02.2022 19:02:29] [netlist_persistent] [info] serialized netlist in 0.00 seconds
[02.02.2022 19:03:29] [gui] [info] saving a backup in case something goes wrong...
[02.02.2022 19:03:29] [netlist_persistent] [info] serialized netlist in 0.00 seconds
[02.02.2022 19:04:29] [gui] [info] saving a backup in case something goes wrong...
[02.02.2022 19:04:29] [netlist_persistent] [info] serialized netlist in 0.00 seconds
[02.02.2022 19:05:29] [gui] [info] saving a backup in case something goes wrong...
[02.02.2022 19:05:29] [netlist_persistent] [info] serialized netlist in 0.00 seconds
[02.02.2022 19:06:29] [gui] [info] saving a backup in case something goes wrong...
[02.02.2022 19:06:29] [netlist_persistent] [info] serialized netlist in 0.00 seconds
[02.02.2022 19:07:29] [gui] [info] saving a backup in case something goes wrong...
[02.02.2022 19:07:29] [netlist_persistent] [info] serialized netlist in 0.00 seconds
[02.02.2022 19:08:29] [gui] [info] saving a backup in case something goes wrong...
[02.02.2022 19:08:29] [netlist_persistent] [info] serialized netlist in 0.00 seconds
[02.02.2022 19:09:29] [gui] [info] saving a backup in case something goes wrong...
[02.02.2022 19:09:29] [netlist_persistent] [info] serialized netlist in 0.00 seconds
[02.02.2022 19:10:29] [gui] [info] saving a backup in case something goes wrong...
[02.02.2022 19:10:29] [netlist_persistent] [info] serialized netlist in 0.00 seconds
[02.02.2022 19:11:29] [gui] [info] saving a backup in case something goes wrong...
[02.02.2022 19:11:29] [netlist_persistent] [info] serialized netlist in 0.00 seconds
[02.02.2022 19:12:29] [gui] [info] saving a backup in case something goes wrong...
[02.02.2022 19:12:29] [netlist_persistent] [info] serialized netlist in 0.00 seconds
[02.02.2022 19:13:29] [gui] [info] saving a backup in case something goes wrong...
[02.02.2022 19:13:29] [netlist_persistent] [info] serialized netlist in 0.00 seconds
[02.02.2022 19:14:29] [gui] [info] saving a backup in case something goes wrong...
[02.02.2022 19:14:29] [netlist_persistent] [info] serialized netlist in 0.00 seconds
[02.02.2022 19:15:29] [gui] [info] saving a backup in case something goes wrong...
[02.02.2022 19:15:29] [netlist_persistent] [info] serialized netlist in 0.00 seconds
[02.02.2022 19:16:29] [gui] [info] saving a backup in case something goes wrong...
[02.02.2022 19:16:29] [netlist_persistent] [info] serialized netlist in 0.00 seconds
[02.02.2022 19:17:29] [gui] [info] saving a backup in case something goes wrong...
[02.02.2022 19:17:29] [netlist_persistent] [info] serialized netlist in 0.00 seconds
[02.02.2022 19:18:29] [gui] [info] saving a backup in case something goes wrong...
[02.02.2022 19:18:29] [netlist_persistent] [info] serialized netlist in 0.00 seconds
[02.02.2022 19:19:29] [gui] [info] saving a backup in case something goes wrong...
[02.02.2022 19:19:29] [netlist_persistent] [info] serialized netlist in 0.00 seconds
[02.02.2022 19:20:29] [gui] [info] saving a backup in case something goes wrong...
[02.02.2022 19:20:29] [netlist_persistent] [info] serialized netlist in 0.00 seconds
[02.02.2022 19:21:29] [gui] [info] saving a backup in case something goes wrong...
[02.02.2022 19:21:29] [netlist_persistent] [info] serialized netlist in 0.00 seconds
[02.02.2022 19:22:29] [gui] [info] saving a backup in case something goes wrong...
[02.02.2022 19:22:29] [netlist_persistent] [info] serialized netlist in 0.00 seconds
[02.02.2022 19:23:29] [gui] [info] saving a backup in case something goes wrong...
[02.02.2022 19:23:29] [netlist_persistent] [info] serialized netlist in 0.00 seconds
[02.02.2022 19:24:29] [gui] [info] saving a backup in case something goes wrong...
[02.02.2022 19:24:29] [netlist_persistent] [info] serialized netlist in 0.00 seconds
[02.02.2022 19:25:29] [gui] [info] saving a backup in case something goes wrong...
[02.02.2022 19:25:29] [netlist_persistent] [info] serialized netlist in 0.00 seconds
[02.02.2022 19:26:29] [gui] [info] saving a backup in case something goes wrong...
[02.02.2022 19:26:29] [netlist_persistent] [info] serialized netlist in 0.00 seconds
[02.02.2022 19:27:29] [gui] [info] saving a backup in case something goes wrong...
[02.02.2022 19:27:29] [netlist_persistent] [info] serialized netlist in 0.00 seconds
[02.02.2022 19:28:29] [gui] [info] saving a backup in case something goes wrong...
[02.02.2022 19:28:29] [netlist_persistent] [info] serialized netlist in 0.00 seconds
[02.02.2022 19:29:29] [gui] [info] saving a backup in case something goes wrong...
[02.02.2022 19:29:29] [netlist_persistent] [info] serialized netlist in 0.00 seconds
[02.02.2022 19:30:29] [gui] [info] saving a backup in case something goes wrong...
[02.02.2022 19:30:29] [netlist_persistent] [info] serialized netlist in 0.00 seconds
[02.02.2022 19:31:29] [gui] [info] saving a backup in case something goes wrong...
[02.02.2022 19:31:29] [netlist_persistent] [info] serialized netlist in 0.00 seconds
[02.02.2022 19:32:29] [gui] [info] saving a backup in case something goes wrong...
[02.02.2022 19:32:29] [netlist_persistent] [info] serialized netlist in 0.00 seconds
[02.02.2022 19:33:29] [gui] [info] saving a backup in case something goes wrong...
[02.02.2022 19:33:29] [netlist_persistent] [info] serialized netlist in 0.00 seconds
[02.02.2022 19:34:29] [gui] [info] saving a backup in case something goes wrong...
[02.02.2022 19:34:29] [netlist_persistent] [info] serialized netlist in 0.00 seconds
[02.02.2022 19:35:29] [gui] [info] saving a backup in case something goes wrong...
[02.02.2022 19:35:29] [netlist_persistent] [info] serialized netlist in 0.00 seconds
[02.02.2022 19:36:29] [gui] [info] saving a backup in case something goes wrong...
[02.02.2022 19:36:29] [netlist_persistent] [info] serialized netlist in 0.00 seconds
[02.02.2022 19:37:29] [gui] [info] saving a backup in case something goes wrong...
[02.02.2022 19:37:29] [netlist_persistent] [info] serialized netlist in 0.00 seconds
[02.02.2022 19:38:29] [gui] [info] saving a backup in case something goes wrong...
[02.02.2022 19:38:29] [netlist_persistent] [info] serialized netlist in 0.00 seconds
[02.02.2022 19:39:29] [gui] [info] saving a backup in case something goes wrong...
[02.02.2022 19:39:29] [netlist_persistent] [info] serialized netlist in 0.00 seconds
[02.02.2022 19:40:29] [gui] [info] saving a backup in case something goes wrong...
[02.02.2022 19:40:29] [netlist_persistent] [info] serialized netlist in 0.00 seconds
[02.02.2022 19:41:29] [gui] [info] saving a backup in case something goes wrong...
[02.02.2022 19:41:29] [netlist_persistent] [info] serialized netlist in 0.00 seconds
[02.02.2022 19:42:29] [gui] [info] saving a backup in case something goes wrong...
[02.02.2022 19:42:29] [netlist_persistent] [info] serialized netlist in 0.00 seconds
[02.02.2022 19:43:29] [gui] [info] saving a backup in case something goes wrong...
[02.02.2022 19:43:29] [netlist_persistent] [info] serialized netlist in 0.00 seconds
[02.02.2022 19:44:29] [gui] [info] saving a backup in case something goes wrong...
[02.02.2022 19:44:29] [netlist_persistent] [info] serialized netlist in 0.00 seconds
[02.02.2022 19:45:29] [gui] [info] saving a backup in case something goes wrong...
[02.02.2022 19:45:29] [netlist_persistent] [info] serialized netlist in 0.00 seconds
[02.02.2022 19:46:29] [gui] [info] saving a backup in case something goes wrong...
[02.02.2022 19:46:29] [netlist_persistent] [info] serialized netlist in 0.00 seconds
[02.02.2022 19:47:29] [gui] [info] saving a backup in case something goes wrong...
[02.02.2022 19:47:29] [netlist_persistent] [info] serialized netlist in 0.00 seconds
[02.02.2022 19:48:29] [gui] [info] saving a backup in case something goes wrong...
[02.02.2022 19:48:29] [netlist_persistent] [info] serialized netlist in 0.00 seconds
[02.02.2022 19:49:29] [gui] [info] saving a backup in case something goes wrong...
[02.02.2022 19:49:29] [netlist_persistent] [info] serialized netlist in 0.00 seconds
[02.02.2022 19:50:29] [gui] [info] saving a backup in case something goes wrong...
[02.02.2022 19:50:29] [netlist_persistent] [info] serialized netlist in 0.00 seconds
[02.02.2022 19:51:29] [gui] [info] saving a backup in case something goes wrong...
[02.02.2022 19:51:29] [netlist_persistent] [info] serialized netlist in 0.00 seconds
[02.02.2022 19:52:29] [gui] [info] saving a backup in case something goes wrong...
[02.02.2022 19:52:29] [netlist_persistent] [info] serialized netlist in 0.00 seconds
[02.02.2022 19:53:29] [gui] [info] saving a backup in case something goes wrong...
[02.02.2022 19:53:29] [netlist_persistent] [info] serialized netlist in 0.00 seconds
[02.02.2022 19:54:29] [gui] [info] saving a backup in case something goes wrong...
[02.02.2022 19:54:29] [netlist_persistent] [info] serialized netlist in 0.00 seconds
[02.02.2022 19:55:29] [gui] [info] saving a backup in case something goes wrong...
[02.02.2022 19:55:29] [netlist_persistent] [info] serialized netlist in 0.00 seconds
[02.02.2022 19:56:29] [gui] [info] saving a backup in case something goes wrong...
[02.02.2022 19:56:29] [netlist_persistent] [info] serialized netlist in 0.00 seconds
[02.02.2022 19:57:29] [gui] [info] saving a backup in case something goes wrong...
[02.02.2022 19:57:29] [netlist_persistent] [info] serialized netlist in 0.00 seconds
[02.02.2022 19:58:29] [gui] [info] saving a backup in case something goes wrong...
[02.02.2022 19:58:29] [netlist_persistent] [info] serialized netlist in 0.00 seconds
[02.02.2022 19:59:29] [gui] [info] saving a backup in case something goes wrong...
[02.02.2022 19:59:29] [netlist_persistent] [info] serialized netlist in 0.00 seconds
[02.02.2022 20:00:29] [gui] [info] saving a backup in case something goes wrong...
[02.02.2022 20:00:29] [netlist_persistent] [info] serialized netlist in 0.00 seconds
[02.02.2022 20:01:29] [gui] [info] saving a backup in case something goes wrong...
[02.02.2022 20:01:29] [netlist_persistent] [info] serialized netlist in 0.00 seconds
[02.02.2022 20:02:29] [gui] [info] saving a backup in case something goes wrong...
[02.02.2022 20:02:29] [netlist_persistent] [info] serialized netlist in 0.00 seconds
[02.02.2022 20:03:29] [gui] [info] saving a backup in case something goes wrong...
[02.02.2022 20:03:29] [netlist_persistent] [info] serialized netlist in 0.00 seconds
[02.02.2022 20:04:29] [gui] [info] saving a backup in case something goes wrong...
[02.02.2022 20:04:29] [netlist_persistent] [info] serialized netlist in 0.00 seconds
[02.02.2022 20:05:29] [gui] [info] saving a backup in case something goes wrong...
[02.02.2022 20:05:29] [netlist_persistent] [info] serialized netlist in 0.00 seconds
[02.02.2022 20:06:29] [gui] [info] saving a backup in case something goes wrong...
[02.02.2022 20:06:29] [netlist_persistent] [info] serialized netlist in 0.00 seconds
[02.02.2022 20:07:29] [gui] [info] saving a backup in case something goes wrong...
[02.02.2022 20:07:29] [netlist_persistent] [info] serialized netlist in 0.00 seconds
[02.02.2022 20:08:29] [gui] [info] saving a backup in case something goes wrong...
[02.02.2022 20:08:29] [netlist_persistent] [info] serialized netlist in 0.00 seconds
[02.02.2022 20:09:29] [gui] [info] saving a backup in case something goes wrong...
[02.02.2022 20:09:29] [netlist_persistent] [info] serialized netlist in 0.00 seconds
[02.02.2022 20:10:29] [gui] [info] saving a backup in case something goes wrong...
[02.02.2022 20:10:29] [netlist_persistent] [info] serialized netlist in 0.00 seconds
[02.02.2022 20:11:29] [gui] [info] saving a backup in case something goes wrong...
[02.02.2022 20:11:29] [netlist_persistent] [info] serialized netlist in 0.00 seconds
[02.02.2022 20:12:29] [gui] [info] saving a backup in case something goes wrong...
[02.02.2022 20:12:29] [netlist_persistent] [info] serialized netlist in 0.00 seconds
[02.02.2022 20:13:29] [gui] [info] saving a backup in case something goes wrong...
[02.02.2022 20:13:29] [netlist_persistent] [info] serialized netlist in 0.00 seconds
[02.02.2022 20:14:29] [gui] [info] saving a backup in case something goes wrong...
[02.02.2022 20:14:29] [netlist_persistent] [info] serialized netlist in 0.00 seconds
[02.02.2022 20:15:29] [gui] [info] saving a backup in case something goes wrong...
[02.02.2022 20:15:29] [netlist_persistent] [info] serialized netlist in 0.00 seconds
[02.02.2022 20:16:29] [gui] [info] saving a backup in case something goes wrong...
[02.02.2022 20:16:29] [netlist_persistent] [info] serialized netlist in 0.00 seconds
[02.02.2022 20:17:29] [gui] [info] saving a backup in case something goes wrong...
[02.02.2022 20:17:29] [netlist_persistent] [info] serialized netlist in 0.00 seconds
[02.02.2022 20:18:29] [gui] [info] saving a backup in case something goes wrong...
[02.02.2022 20:18:29] [netlist_persistent] [info] serialized netlist in 0.01 seconds
[02.02.2022 20:19:29] [gui] [info] saving a backup in case something goes wrong...
[02.02.2022 20:19:29] [netlist_persistent] [info] serialized netlist in 0.00 seconds
[02.02.2022 20:20:29] [gui] [info] saving a backup in case something goes wrong...
[02.02.2022 20:20:29] [netlist_persistent] [info] serialized netlist in 0.00 seconds
[02.02.2022 20:21:29] [gui] [info] saving a backup in case something goes wrong...
[02.02.2022 20:21:29] [netlist_persistent] [info] serialized netlist in 0.00 seconds
[02.02.2022 20:22:29] [gui] [info] saving a backup in case something goes wrong...
[02.02.2022 20:22:29] [netlist_persistent] [info] serialized netlist in 0.00 seconds
[02.02.2022 20:23:29] [gui] [info] saving a backup in case something goes wrong...
[02.02.2022 20:23:29] [netlist_persistent] [info] serialized netlist in 0.00 seconds
[02.02.2022 20:24:29] [gui] [info] saving a backup in case something goes wrong...
[02.02.2022 20:24:29] [netlist_persistent] [info] serialized netlist in 0.00 seconds
[02.02.2022 20:25:29] [gui] [info] saving a backup in case something goes wrong...
[02.02.2022 20:25:29] [netlist_persistent] [info] serialized netlist in 0.00 seconds
[02.02.2022 20:26:29] [gui] [info] saving a backup in case something goes wrong...
[02.02.2022 20:26:29] [netlist_persistent] [info] serialized netlist in 0.00 seconds
[02.02.2022 20:27:29] [gui] [info] saving a backup in case something goes wrong...
[02.02.2022 20:27:29] [netlist_persistent] [info] serialized netlist in 0.00 seconds
[02.02.2022 20:28:29] [gui] [info] saving a backup in case something goes wrong...
[02.02.2022 20:28:29] [netlist_persistent] [info] serialized netlist in 0.00 seconds
[02.02.2022 20:29:29] [gui] [info] saving a backup in case something goes wrong...
[02.02.2022 20:29:29] [netlist_persistent] [info] serialized netlist in 0.00 seconds
[02.02.2022 20:30:29] [gui] [info] saving a backup in case something goes wrong...
[02.02.2022 20:30:29] [netlist_persistent] [info] serialized netlist in 0.00 seconds
[02.02.2022 20:31:29] [gui] [info] saving a backup in case something goes wrong...
[02.02.2022 20:31:29] [netlist_persistent] [info] serialized netlist in 0.00 seconds
[02.02.2022 20:32:29] [gui] [info] saving a backup in case something goes wrong...
[02.02.2022 20:32:29] [netlist_persistent] [info] serialized netlist in 0.00 seconds
[02.02.2022 20:33:29] [gui] [info] saving a backup in case something goes wrong...
[02.02.2022 20:33:29] [netlist_persistent] [info] serialized netlist in 0.00 seconds
[02.02.2022 20:34:29] [gui] [info] saving a backup in case something goes wrong...
[02.02.2022 20:34:29] [netlist_persistent] [info] serialized netlist in 0.00 seconds
[02.02.2022 20:35:29] [gui] [info] saving a backup in case something goes wrong...
[02.02.2022 20:35:29] [netlist_persistent] [info] serialized netlist in 0.00 seconds
[02.02.2022 20:36:29] [gui] [info] saving a backup in case something goes wrong...
[02.02.2022 20:36:29] [netlist_persistent] [info] serialized netlist in 0.00 seconds
[02.02.2022 20:37:29] [gui] [info] saving a backup in case something goes wrong...
[02.02.2022 20:37:29] [netlist_persistent] [info] serialized netlist in 0.00 seconds
[02.02.2022 20:38:29] [gui] [info] saving a backup in case something goes wrong...
[02.02.2022 20:38:29] [netlist_persistent] [info] serialized netlist in 0.00 seconds
[02.02.2022 20:39:29] [gui] [info] saving a backup in case something goes wrong...
[02.02.2022 20:39:29] [netlist_persistent] [info] serialized netlist in 0.00 seconds
[02.02.2022 20:40:29] [gui] [info] saving a backup in case something goes wrong...
[02.02.2022 20:40:29] [netlist_persistent] [info] serialized netlist in 0.00 seconds
[02.02.2022 20:41:29] [gui] [info] saving a backup in case something goes wrong...
[02.02.2022 20:41:29] [netlist_persistent] [info] serialized netlist in 0.00 seconds
[02.02.2022 20:42:29] [gui] [info] saving a backup in case something goes wrong...
[02.02.2022 20:42:29] [netlist_persistent] [info] serialized netlist in 0.00 seconds
[02.02.2022 20:43:29] [gui] [info] saving a backup in case something goes wrong...
[02.02.2022 20:43:29] [netlist_persistent] [info] serialized netlist in 0.00 seconds
[02.02.2022 20:44:29] [gui] [info] saving a backup in case something goes wrong...
[02.02.2022 20:44:29] [netlist_persistent] [info] serialized netlist in 0.00 seconds
[02.02.2022 20:45:29] [gui] [info] saving a backup in case something goes wrong...
[02.02.2022 20:45:29] [netlist_persistent] [info] serialized netlist in 0.00 seconds
[02.02.2022 20:46:29] [gui] [info] saving a backup in case something goes wrong...
[02.02.2022 20:46:29] [netlist_persistent] [info] serialized netlist in 0.00 seconds
[02.02.2022 20:47:29] [gui] [info] saving a backup in case something goes wrong...
[02.02.2022 20:47:29] [netlist_persistent] [info] serialized netlist in 0.00 seconds
[02.02.2022 20:48:29] [gui] [info] saving a backup in case something goes wrong...
[02.02.2022 20:48:29] [netlist_persistent] [info] serialized netlist in 0.00 seconds
[02.02.2022 20:49:29] [gui] [info] saving a backup in case something goes wrong...
[02.02.2022 20:49:29] [netlist_persistent] [info] serialized netlist in 0.00 seconds
[02.02.2022 20:50:29] [gui] [info] saving a backup in case something goes wrong...
[02.02.2022 20:50:29] [netlist_persistent] [info] serialized netlist in 0.00 seconds
[02.02.2022 20:51:29] [gui] [info] saving a backup in case something goes wrong...
[02.02.2022 20:51:29] [netlist_persistent] [info] serialized netlist in 0.00 seconds
[02.02.2022 20:52:29] [gui] [info] saving a backup in case something goes wrong...
[02.02.2022 20:52:29] [netlist_persistent] [info] serialized netlist in 0.00 seconds
[02.02.2022 20:53:29] [gui] [info] saving a backup in case something goes wrong...
[02.02.2022 20:53:29] [netlist_persistent] [info] serialized netlist in 0.00 seconds
[02.02.2022 20:54:29] [gui] [info] saving a backup in case something goes wrong...
[02.02.2022 20:54:29] [netlist_persistent] [info] serialized netlist in 0.00 seconds
[02.02.2022 20:54:31] [test] [info] unregister netlist callbacks
[02.02.2022 20:54:31] [core] [info] unloading plugin 'gexf_writer'...
[02.02.2022 20:54:31] [netlist_writer] [info] unregistered netlist writer 'Default GEXF Writer' for file extension '.gexf'.
[02.02.2022 20:54:31] [core] [info] unloading plugin 'graph_algorithm'...
[02.02.2022 20:54:31] [core] [info] unloading plugin 'hal_gui'...
[02.02.2022 20:54:31] [core] [info] unloading plugin 'hgl_parser'...
[02.02.2022 20:54:31] [gate_library_parser] [info] unregistered gate library parser 'Default HGL Parser' for file extension '.hgl'.
[02.02.2022 20:54:31] [core] [info] unloading plugin 'hgl_writer'...
[02.02.2022 20:54:31] [gate_library_writer] [info] unregistered gate library writer 'Default HGL Writer' for file extension '.hgl'.
[02.02.2022 20:54:31] [core] [info] unloading plugin 'liberty_parser'...
[02.02.2022 20:54:31] [gate_library_parser] [info] unregistered gate library parser 'Default Liberty Parser' for file extension '.lib'.
[02.02.2022 20:54:31] [core] [info] unloading plugin 'python_shell'...
[02.02.2022 20:54:31] [core] [info] unloading plugin 'solve_fsm'...
[02.02.2022 20:54:31] [core] [info] unloading plugin 'verilog_parser'...
[02.02.2022 20:54:31] [hdl_parser] [info] unregistered hdl parser 'Default Verilog Parser' which was registered for file type '.v'
[02.02.2022 20:54:31] [core] [info] unloading plugin 'verilog_writer'...
[02.02.2022 20:54:31] [netlist_writer] [info] unregistered netlist writer 'Default Verilog Writer' for file extension '.v'.
[02.02.2022 20:54:31] [core] [info] unloading plugin 'vhdl_parser'...
[02.02.2022 20:54:31] [hdl_parser] [info] unregistered hdl parser 'Default VHDL Parser' which was registered for file type '.vhd'
[02.02.2022 20:54:31] [hdl_parser] [info] unregistered hdl parser 'Default VHDL Parser' which was registered for file type '.vhdl'
[02.02.2022 20:54:31] [core] [info] unloading plugin 'z3_utils'...
[02.02.2022 20:54:31] [core] [info] unloaded all 12 plugins
